nohup: ignoring input
RFBNet(
  (base): ModuleList(
    (0): Conv2d(3, 64, kernel_size=(3, 3), stride=(1, 1), padding=(1, 1))
    (1): ReLU(inplace)
    (2): Conv2d(64, 64, kernel_size=(3, 3), stride=(1, 1), padding=(1, 1))
    (3): ReLU(inplace)
    (4): MaxPool2d(kernel_size=(2, 2), stride=(2, 2), dilation=(1, 1), ceil_mode=False)
    (5): Conv2d(64, 128, kernel_size=(3, 3), stride=(1, 1), padding=(1, 1))
    (6): ReLU(inplace)
    (7): Conv2d(128, 128, kernel_size=(3, 3), stride=(1, 1), padding=(1, 1))
    (8): ReLU(inplace)
    (9): MaxPool2d(kernel_size=(2, 2), stride=(2, 2), dilation=(1, 1), ceil_mode=False)
    (10): Conv2d(128, 256, kernel_size=(3, 3), stride=(1, 1), padding=(1, 1))
    (11): ReLU(inplace)
    (12): Conv2d(256, 256, kernel_size=(3, 3), stride=(1, 1), padding=(1, 1))
    (13): ReLU(inplace)
    (14): Conv2d(256, 256, kernel_size=(3, 3), stride=(1, 1), padding=(1, 1))
    (15): ReLU(inplace)
    (16): MaxPool2d(kernel_size=(2, 2), stride=(2, 2), dilation=(1, 1), ceil_mode=True)
    (17): Conv2d(256, 512, kernel_size=(3, 3), stride=(1, 1), padding=(1, 1))
    (18): ReLU(inplace)
    (19): Conv2d(512, 512, kernel_size=(3, 3), stride=(1, 1), padding=(1, 1))
    (20): ReLU(inplace)
    (21): Conv2d(512, 512, kernel_size=(3, 3), stride=(1, 1), padding=(1, 1))
    (22): ReLU(inplace)
    (23): MaxPool2d(kernel_size=(2, 2), stride=(2, 2), dilation=(1, 1), ceil_mode=False)
    (24): Conv2d(512, 512, kernel_size=(3, 3), stride=(1, 1), padding=(1, 1))
    (25): ReLU(inplace)
    (26): Conv2d(512, 512, kernel_size=(3, 3), stride=(1, 1), padding=(1, 1))
    (27): ReLU(inplace)
    (28): Conv2d(512, 512, kernel_size=(3, 3), stride=(1, 1), padding=(1, 1))
    (29): ReLU(inplace)
    (30): MaxPool2d(kernel_size=(3, 3), stride=(1, 1), padding=(1, 1), dilation=(1, 1), ceil_mode=False)
    (31): Conv2d(512, 1024, kernel_size=(3, 3), stride=(1, 1), padding=(6, 6), dilation=(6, 6))
    (32): ReLU(inplace)
    (33): Conv2d(1024, 1024, kernel_size=(1, 1), stride=(1, 1))
    (34): ReLU(inplace)
  )
  (Norm): BasicRFB_a(
    (branch0): Sequential(
      (0): BasicConv(
        (conv): Conv2d(512, 128, kernel_size=(1, 1), stride=(1, 1), bias=False)
        (bn): BatchNorm2d(128, eps=1e-05, momentum=0.01, affine=True)
        (relu): ReLU(inplace)
      )
      (1): BasicConv(
        (conv): Conv2d(128, 128, kernel_size=(3, 3), stride=(1, 1), padding=(1, 1), bias=False)
        (bn): BatchNorm2d(128, eps=1e-05, momentum=0.01, affine=True)
      )
    )
    (branch1): Sequential(
      (0): BasicConv(
        (conv): Conv2d(512, 128, kernel_size=(1, 1), stride=(1, 1), bias=False)
        (bn): BatchNorm2d(128, eps=1e-05, momentum=0.01, affine=True)
        (relu): ReLU(inplace)
      )
      (1): BasicConv(
        (conv): Conv2d(128, 128, kernel_size=(3, 1), stride=(1, 1), padding=(1, 0), bias=False)
        (bn): BatchNorm2d(128, eps=1e-05, momentum=0.01, affine=True)
        (relu): ReLU(inplace)
      )
      (2): BasicConv(
        (conv): Conv2d(128, 128, kernel_size=(3, 3), stride=(1, 1), padding=(3, 3), dilation=(3, 3), bias=False)
        (bn): BatchNorm2d(128, eps=1e-05, momentum=0.01, affine=True)
      )
    )
    (branch2): Sequential(
      (0): BasicConv(
        (conv): Conv2d(512, 128, kernel_size=(1, 1), stride=(1, 1), bias=False)
        (bn): BatchNorm2d(128, eps=1e-05, momentum=0.01, affine=True)
        (relu): ReLU(inplace)
      )
      (1): BasicConv(
        (conv): Conv2d(128, 128, kernel_size=(1, 3), stride=(1, 1), padding=(0, 1), bias=False)
        (bn): BatchNorm2d(128, eps=1e-05, momentum=0.01, affine=True)
        (relu): ReLU(inplace)
      )
      (2): BasicConv(
        (conv): Conv2d(128, 128, kernel_size=(3, 3), stride=(1, 1), padding=(3, 3), dilation=(3, 3), bias=False)
        (bn): BatchNorm2d(128, eps=1e-05, momentum=0.01, affine=True)
      )
    )
    (branch3): Sequential(
      (0): BasicConv(
        (conv): Conv2d(512, 64, kernel_size=(1, 1), stride=(1, 1), bias=False)
        (bn): BatchNorm2d(64, eps=1e-05, momentum=0.01, affine=True)
        (relu): ReLU(inplace)
      )
      (1): BasicConv(
        (conv): Conv2d(64, 96, kernel_size=(1, 3), stride=(1, 1), padding=(0, 1), bias=False)
        (bn): BatchNorm2d(96, eps=1e-05, momentum=0.01, affine=True)
        (relu): ReLU(inplace)
      )
      (2): BasicConv(
        (conv): Conv2d(96, 128, kernel_size=(3, 1), stride=(1, 1), padding=(1, 0), bias=False)
        (bn): BatchNorm2d(128, eps=1e-05, momentum=0.01, affine=True)
        (relu): ReLU(inplace)
      )
      (3): BasicConv(
        (conv): Conv2d(128, 128, kernel_size=(3, 3), stride=(1, 1), padding=(5, 5), dilation=(5, 5), bias=False)
        (bn): BatchNorm2d(128, eps=1e-05, momentum=0.01, affine=True)
      )
    )
    (ConvLinear): BasicConv(
      (conv): Conv2d(512, 512, kernel_size=(1, 1), stride=(1, 1), bias=False)
      (bn): BatchNorm2d(512, eps=1e-05, momentum=0.01, affine=True)
    )
    (shortcut): BasicConv(
      (conv): Conv2d(512, 512, kernel_size=(1, 1), stride=(1, 1), bias=False)
      (bn): BatchNorm2d(512, eps=1e-05, momentum=0.01, affine=True)
    )
    (relu): ReLU()
  )
  (extras): ModuleList(
    (0): BasicRFB(
      (branch0): Sequential(
        (0): BasicConv(
          (conv): Conv2d(1024, 128, kernel_size=(1, 1), stride=(1, 1), bias=False)
          (bn): BatchNorm2d(128, eps=1e-05, momentum=0.01, affine=True)
          (relu): ReLU(inplace)
        )
        (1): BasicConv(
          (conv): Conv2d(128, 256, kernel_size=(3, 3), stride=(1, 1), padding=(1, 1), bias=False)
          (bn): BatchNorm2d(256, eps=1e-05, momentum=0.01, affine=True)
          (relu): ReLU(inplace)
        )
        (2): BasicConv(
          (conv): Conv2d(256, 256, kernel_size=(3, 3), stride=(1, 1), padding=(3, 3), dilation=(3, 3), bias=False)
          (bn): BatchNorm2d(256, eps=1e-05, momentum=0.01, affine=True)
        )
      )
      (branch1): Sequential(
        (0): BasicConv(
          (conv): Conv2d(1024, 128, kernel_size=(1, 1), stride=(1, 1), bias=False)
          (bn): BatchNorm2d(128, eps=1e-05, momentum=0.01, affine=True)
          (relu): ReLU(inplace)
        )
        (1): BasicConv(
          (conv): Conv2d(128, 192, kernel_size=(3, 3), stride=(1, 1), padding=(1, 1), bias=False)
          (bn): BatchNorm2d(192, eps=1e-05, momentum=0.01, affine=True)
          (relu): ReLU(inplace)
        )
        (2): BasicConv(
          (conv): Conv2d(192, 256, kernel_size=(3, 3), stride=(1, 1), padding=(1, 1), bias=False)
          (bn): BatchNorm2d(256, eps=1e-05, momentum=0.01, affine=True)
          (relu): ReLU(inplace)
        )
        (3): BasicConv(
          (conv): Conv2d(256, 256, kernel_size=(3, 3), stride=(1, 1), padding=(5, 5), dilation=(5, 5), bias=False)
          (bn): BatchNorm2d(256, eps=1e-05, momentum=0.01, affine=True)
        )
      )
      (ConvLinear): BasicConv(
        (conv): Conv2d(512, 1024, kernel_size=(1, 1), stride=(1, 1), bias=False)
        (bn): BatchNorm2d(1024, eps=1e-05, momentum=0.01, affine=True)
      )
      (shortcut): BasicConv(
        (conv): Conv2d(1024, 1024, kernel_size=(1, 1), stride=(1, 1), bias=False)
        (bn): BatchNorm2d(1024, eps=1e-05, momentum=0.01, affine=True)
      )
      (relu): ReLU()
    )
    (1): BasicRFB(
      (branch0): Sequential(
        (0): BasicConv(
          (conv): Conv2d(1024, 128, kernel_size=(1, 1), stride=(1, 1), bias=False)
          (bn): BatchNorm2d(128, eps=1e-05, momentum=0.01, affine=True)
          (relu): ReLU(inplace)
        )
        (1): BasicConv(
          (conv): Conv2d(128, 256, kernel_size=(3, 3), stride=(2, 2), padding=(1, 1), bias=False)
          (bn): BatchNorm2d(256, eps=1e-05, momentum=0.01, affine=True)
          (relu): ReLU(inplace)
        )
        (2): BasicConv(
          (conv): Conv2d(256, 256, kernel_size=(3, 3), stride=(1, 1), padding=(3, 3), dilation=(3, 3), bias=False)
          (bn): BatchNorm2d(256, eps=1e-05, momentum=0.01, affine=True)
        )
      )
      (branch1): Sequential(
        (0): BasicConv(
          (conv): Conv2d(1024, 128, kernel_size=(1, 1), stride=(1, 1), bias=False)
          (bn): BatchNorm2d(128, eps=1e-05, momentum=0.01, affine=True)
          (relu): ReLU(inplace)
        )
        (1): BasicConv(
          (conv): Conv2d(128, 192, kernel_size=(3, 3), stride=(1, 1), padding=(1, 1), bias=False)
          (bn): BatchNorm2d(192, eps=1e-05, momentum=0.01, affine=True)
          (relu): ReLU(inplace)
        )
        (2): BasicConv(
          (conv): Conv2d(192, 256, kernel_size=(3, 3), stride=(2, 2), padding=(1, 1), bias=False)
          (bn): BatchNorm2d(256, eps=1e-05, momentum=0.01, affine=True)
          (relu): ReLU(inplace)
        )
        (3): BasicConv(
          (conv): Conv2d(256, 256, kernel_size=(3, 3), stride=(1, 1), padding=(5, 5), dilation=(5, 5), bias=False)
          (bn): BatchNorm2d(256, eps=1e-05, momentum=0.01, affine=True)
        )
      )
      (ConvLinear): BasicConv(
        (conv): Conv2d(512, 512, kernel_size=(1, 1), stride=(1, 1), bias=False)
        (bn): BatchNorm2d(512, eps=1e-05, momentum=0.01, affine=True)
      )
      (shortcut): BasicConv(
        (conv): Conv2d(1024, 512, kernel_size=(1, 1), stride=(2, 2), bias=False)
        (bn): BatchNorm2d(512, eps=1e-05, momentum=0.01, affine=True)
      )
      (relu): ReLU()
    )
    (2): BasicRFB(
      (branch0): Sequential(
        (0): BasicConv(
          (conv): Conv2d(512, 64, kernel_size=(1, 1), stride=(1, 1), bias=False)
          (bn): BatchNorm2d(64, eps=1e-05, momentum=0.01, affine=True)
          (relu): ReLU(inplace)
        )
        (1): BasicConv(
          (conv): Conv2d(64, 128, kernel_size=(3, 3), stride=(2, 2), padding=(1, 1), bias=False)
          (bn): BatchNorm2d(128, eps=1e-05, momentum=0.01, affine=True)
          (relu): ReLU(inplace)
        )
        (2): BasicConv(
          (conv): Conv2d(128, 128, kernel_size=(3, 3), stride=(1, 1), padding=(3, 3), dilation=(3, 3), bias=False)
          (bn): BatchNorm2d(128, eps=1e-05, momentum=0.01, affine=True)
        )
      )
      (branch1): Sequential(
        (0): BasicConv(
          (conv): Conv2d(512, 64, kernel_size=(1, 1), stride=(1, 1), bias=False)
          (bn): BatchNorm2d(64, eps=1e-05, momentum=0.01, affine=True)
          (relu): ReLU(inplace)
        )
        (1): BasicConv(
          (conv): Conv2d(64, 96, kernel_size=(3, 3), stride=(1, 1), padding=(1, 1), bias=False)
          (bn): BatchNorm2d(96, eps=1e-05, momentum=0.01, affine=True)
          (relu): ReLU(inplace)
        )
        (2): BasicConv(
          (conv): Conv2d(96, 128, kernel_size=(3, 3), stride=(2, 2), padding=(1, 1), bias=False)
          (bn): BatchNorm2d(128, eps=1e-05, momentum=0.01, affine=True)
          (relu): ReLU(inplace)
        )
        (3): BasicConv(
          (conv): Conv2d(128, 128, kernel_size=(3, 3), stride=(1, 1), padding=(5, 5), dilation=(5, 5), bias=False)
          (bn): BatchNorm2d(128, eps=1e-05, momentum=0.01, affine=True)
        )
      )
      (ConvLinear): BasicConv(
        (conv): Conv2d(256, 256, kernel_size=(1, 1), stride=(1, 1), bias=False)
        (bn): BatchNorm2d(256, eps=1e-05, momentum=0.01, affine=True)
      )
      (shortcut): BasicConv(
        (conv): Conv2d(512, 256, kernel_size=(1, 1), stride=(2, 2), bias=False)
        (bn): BatchNorm2d(256, eps=1e-05, momentum=0.01, affine=True)
      )
      (relu): ReLU()
    )
    (3): BasicConv(
      (conv): Conv2d(256, 128, kernel_size=(1, 1), stride=(1, 1), bias=False)
      (bn): BatchNorm2d(128, eps=1e-05, momentum=0.01, affine=True)
      (relu): ReLU(inplace)
    )
    (4): BasicConv(
      (conv): Conv2d(128, 256, kernel_size=(3, 3), stride=(1, 1), bias=False)
      (bn): BatchNorm2d(256, eps=1e-05, momentum=0.01, affine=True)
      (relu): ReLU(inplace)
    )
    (5): BasicConv(
      (conv): Conv2d(256, 128, kernel_size=(1, 1), stride=(1, 1), bias=False)
      (bn): BatchNorm2d(128, eps=1e-05, momentum=0.01, affine=True)
      (relu): ReLU(inplace)
    )
    (6): BasicConv(
      (conv): Conv2d(128, 256, kernel_size=(3, 3), stride=(1, 1), bias=False)
      (bn): BatchNorm2d(256, eps=1e-05, momentum=0.01, affine=True)
      (relu): ReLU(inplace)
    )
  )
  (loc): ModuleList(
    (0): Conv2d(512, 24, kernel_size=(3, 3), stride=(1, 1), padding=(1, 1))
    (1): Conv2d(1024, 24, kernel_size=(3, 3), stride=(1, 1), padding=(1, 1))
    (2): Conv2d(512, 24, kernel_size=(3, 3), stride=(1, 1), padding=(1, 1))
    (3): Conv2d(256, 24, kernel_size=(3, 3), stride=(1, 1), padding=(1, 1))
    (4): Conv2d(256, 16, kernel_size=(3, 3), stride=(1, 1), padding=(1, 1))
    (5): Conv2d(256, 16, kernel_size=(3, 3), stride=(1, 1), padding=(1, 1))
  )
  (conf): ModuleList(
    (0): Conv2d(512, 12, kernel_size=(3, 3), stride=(1, 1), padding=(1, 1))
    (1): Conv2d(1024, 12, kernel_size=(3, 3), stride=(1, 1), padding=(1, 1))
    (2): Conv2d(512, 12, kernel_size=(3, 3), stride=(1, 1), padding=(1, 1))
    (3): Conv2d(256, 12, kernel_size=(3, 3), stride=(1, 1), padding=(1, 1))
    (4): Conv2d(256, 8, kernel_size=(3, 3), stride=(1, 1), padding=(1, 1))
    (5): Conv2d(256, 8, kernel_size=(3, 3), stride=(1, 1), padding=(1, 1))
  )
  (softmax): Softmax()
)
Loading base network...
Initializing weights...
Loading Dataset...
loading classes :
plane
Traceback (most recent call last):
  File "train_test.py", line 243, in <module>
    img_dim, rgb_means, rgb_std, p), target_transform=DotaAnnTrans())
  File "/home/raymond/project/PytorchSSD_DOTA/data/dota.py", line 144, in __init__
    self.dataset = DOTA.DOTA(self.path, parseMode=self.parseMode)
  File "/home/raymond/project/PytorchSSD_DOTA/data/DOTA_devkit/DOTA.py", line 45, in __init__
    self.createIndex(parseMode) # 初始化操作
  File "/home/raymond/project/PytorchSSD_DOTA/data/DOTA_devkit/DOTA.py", line 60, in createIndex
    objects = util.parse_dota(filename,parseMode)
  File "/home/raymond/project/PytorchSSD_DOTA/data/DOTA_devkit/dota_utils.py", line 46, in parse_dota
    objects = parse_dota_rec(filename)
  File "/home/raymond/project/PytorchSSD_DOTA/data/DOTA_devkit/dota_utils.py", line 139, in parse_dota_rec
    objects = parse_dota_poly(filename)
  File "/home/raymond/project/PytorchSSD_DOTA/data/DOTA_devkit/dota_utils.py", line 81, in parse_dota_poly
    line = f.readline()
  File "/home/raymond/anaconda3/lib/python3.6/codecs.py", line 318, in decode
    def decode(self, input, final=False):
KeyboardInterrupt
